# JRE version: OpenJDK Runtime Environment (8.0_242-b01) (build 1.8.0_242-release-1644-b01)
# Java VM: OpenJDK 64-Bit Server VM (25.242-b01 mixed mode windows-amd64 compressed oops)
Heap:
 PSYoungGen      total 535552K, used 209735K [0x00000000d5580000, 0x00000000f8d00000, 0x0000000100000000)
  eden space 508928K, 35% used [0x00000000d5580000,0x00000000e08552e0,0x00000000f4680000)
  from space 26624K, 99% used [0x00000000f7300000,0x00000000f8cfca60,0x00000000f8d00000)
  to   space 33792K, 0% used [0x00000000f4b00000,0x00000000f4b00000,0x00000000f6c00000)
 ParOldGen       total 113664K, used 41560K [0x0000000080000000, 0x0000000086f00000, 0x00000000d5580000)
  object space 113664K, 36% used [0x0000000080000000,0x00000000828963b8,0x0000000086f00000)
 Metaspace       used 75098K, capacity 78176K, committed 78488K, reserved 1116160K
  class space    used 10143K, capacity 10803K, committed 10920K, reserved 1048576K
GC Heap History (10 events):
Event: 5.594 GC heap before
{Heap before GC invocations=9 (full 2):
 PSYoungGen      total 276480K, used 9385K [0x00000000d5580000, 0x00000000efa00000, 0x0000000100000000)
  eden space 260096K, 0% used [0x00000000d5580000,0x00000000d5580000,0x00000000e5380000)
  from space 16384K, 57% used [0x00000000e5380000,0x00000000e5caa5b0,0x00000000e6380000)
  to   space 15872K, 0% used [0x00000000eea80000,0x00000000eea80000,0x00000000efa00000)
 ParOldGen       total 60416K, used 12306K [0x0000000080000000, 0x0000000083b00000, 0x00000000d5580000)
  object space 60416K, 20% used [0x0000000080000000,0x0000000080c04bc8,0x0000000083b00000)
 Metaspace       used 34540K, capacity 35412K, committed 35496K, reserved 1079296K
  class space    used 4738K, capacity 4975K, committed 5032K, reserved 1048576K
Event: 5.700 GC heap after
Heap after GC invocations=9 (full 2):
 PSYoungGen      total 276480K, used 0K [0x00000000d5580000, 0x00000000efa00000, 0x0000000100000000)
  eden space 260096K, 0% used [0x00000000d5580000,0x00000000d5580000,0x00000000e5380000)
  from space 16384K, 0% used [0x00000000e5380000,0x00000000e5380000,0x00000000e6380000)
  to   space 15872K, 0% used [0x00000000eea80000,0x00000000eea80000,0x00000000efa00000)
 ParOldGen       total 78336K, used 15988K [0x0000000080000000, 0x0000000084c80000, 0x00000000d5580000)
  object space 78336K, 20% used [0x0000000080000000,0x0000000080f9d2c8,0x0000000084c80000)
 Metaspace       used 34540K, capacity 35412K, committed 35496K, reserved 1079296K
  class space    used 4738K, capacity 4975K, committed 5032K, reserved 1048576K
}
Event: 12.071 GC heap before
{Heap before GC invocations=10 (full 2):
 PSYoungGen      total 276480K, used 260096K [0x00000000d5580000, 0x00000000efa00000, 0x0000000100000000)
  eden space 260096K, 100% used [0x00000000d5580000,0x00000000e5380000,0x00000000e5380000)
  from space 16384K, 0% used [0x00000000e5380000,0x00000000e5380000,0x00000000e6380000)
  to   space 15872K, 0% used [0x00000000eea80000,0x00000000eea80000,0x00000000efa00000)
 ParOldGen       total 78336K, used 15988K [0x0000000080000000, 0x0000000084c80000, 0x00000000d5580000)
  object space 78336K, 20% used [0x0000000080000000,0x0000000080f9d2c8,0x0000000084c80000)
 Metaspace       used 55359K, capacity 57296K, committed 57640K, reserved 1099776K
  class space    used 7472K, capacity 7899K, committed 7976K, reserved 1048576K
Event: 12.117 GC heap after
Heap after GC invocations=10 (full 2):
 PSYoungGen      total 405504K, used 15868K [0x00000000d5580000, 0x00000000f1b80000, 0x0000000100000000)
  eden space 389632K, 0% used [0x00000000d5580000,0x00000000d5580000,0x00000000ed200000)
  from space 15872K, 99% used [0x00000000eea80000,0x00000000ef9ff330,0x00000000efa00000)
  to   space 25088K, 0% used [0x00000000ed200000,0x00000000ed200000,0x00000000eea80000)
 ParOldGen       total 78336K, used 31405K [0x0000000080000000, 0x0000000084c80000, 0x00000000d5580000)
  object space 78336K, 40% used [0x0000000080000000,0x0000000081eab780,0x0000000084c80000)
 Metaspace       used 55359K, capacity 57296K, committed 57640K, reserved 1099776K
  class space    used 7472K, capacity 7899K, committed 7976K, reserved 1048576K
}
Event: 12.626 GC heap before
{Heap before GC invocations=11 (full 2):
 PSYoungGen      total 405504K, used 49776K [0x00000000d5580000, 0x00000000f1b80000, 0x0000000100000000)
  eden space 389632K, 8% used [0x00000000d5580000,0x00000000d769d018,0x00000000ed200000)
  from space 15872K, 99% used [0x00000000eea80000,0x00000000ef9ff330,0x00000000efa00000)
  to   space 25088K, 0% used [0x00000000ed200000,0x00000000ed200000,0x00000000eea80000)
 ParOldGen       total 78336K, used 31405K [0x0000000080000000, 0x0000000084c80000, 0x00000000d5580000)
  object space 78336K, 40% used [0x0000000080000000,0x0000000081eab780,0x0000000084c80000)
 Metaspace       used 57147K, capacity 59150K, committed 59160K, reserved 1099776K
  class space    used 7733K, capacity 8222K, committed 8232K, reserved 1048576K
Event: 12.651 GC heap after
Heap after GC invocations=11 (full 2):
 PSYoungGen      total 414720K, used 18694K [0x00000000d5580000, 0x00000000f8d00000, 0x0000000100000000)
  eden space 389632K, 0% used [0x00000000d5580000,0x00000000d5580000,0x00000000ed200000)
  from space 25088K, 74% used [0x00000000ed200000,0x00000000ee441820,0x00000000eea80000)
  to   space 26624K, 0% used [0x00000000f7300000,0x00000000f7300000,0x00000000f8d00000)
 ParOldGen       total 78336K, used 31413K [0x0000000080000000, 0x0000000084c80000, 0x00000000d5580000)
  object space 78336K, 40% used [0x0000000080000000,0x0000000081ead780,0x0000000084c80000)
 Metaspace       used 57147K, capacity 59150K, committed 59160K, reserved 1099776K
  class space    used 7733K, capacity 8222K, committed 8232K, reserved 1048576K
}
Event: 12.651 GC heap before
{Heap before GC invocations=12 (full 3):
 PSYoungGen      total 414720K, used 18694K [0x00000000d5580000, 0x00000000f8d00000, 0x0000000100000000)
  eden space 389632K, 0% used [0x00000000d5580000,0x00000000d5580000,0x00000000ed200000)
  from space 25088K, 74% used [0x00000000ed200000,0x00000000ee441820,0x00000000eea80000)
  to   space 26624K, 0% used [0x00000000f7300000,0x00000000f7300000,0x00000000f8d00000)
 ParOldGen       total 78336K, used 31413K [0x0000000080000000, 0x0000000084c80000, 0x00000000d5580000)
  object space 78336K, 40% used [0x0000000080000000,0x0000000081ead780,0x0000000084c80000)
 Metaspace       used 57147K, capacity 59150K, committed 59160K, reserved 1099776K
  class space    used 7733K, capacity 8222K, committed 8232K, reserved 1048576K
Event: 12.960 GC heap after
Heap after GC invocations=12 (full 3):
 PSYoungGen      total 414720K, used 0K [0x00000000d5580000, 0x00000000f8d00000, 0x0000000100000000)
  eden space 389632K, 0% used [0x00000000d5580000,0x00000000d5580000,0x00000000ed200000)
  from space 25088K, 0% used [0x00000000ed200000,0x00000000ed200000,0x00000000eea80000)
  to   space 26624K, 0% used [0x00000000f7300000,0x00000000f7300000,0x00000000f8d00000)
 ParOldGen       total 113664K, used 32219K [0x0000000080000000, 0x0000000086f00000, 0x00000000d5580000)
  object space 113664K, 28% used [0x0000000080000000,0x0000000081f76f80,0x0000000086f00000)
 Metaspace       used 57138K, capacity 59120K, committed 59160K, reserved 1099776K
  class space    used 7731K, capacity 8217K, committed 8232K, reserved 1048576K
}
Event: 20.525 GC heap before
{Heap before GC invocations=13 (full 3):
 PSYoungGen      total 414720K, used 389632K [0x00000000d5580000, 0x00000000f8d00000, 0x0000000100000000)
  eden space 389632K, 100% used [0x00000000d5580000,0x00000000ed200000,0x00000000ed200000)
  from space 25088K, 0% used [0x00000000ed200000,0x00000000ed200000,0x00000000eea80000)
  to   space 26624K, 0% used [0x00000000f7300000,0x00000000f7300000,0x00000000f8d00000)
 ParOldGen       total 113664K, used 32219K [0x0000000080000000, 0x0000000086f00000, 0x00000000d5580000)
  object space 113664K, 28% used [0x0000000080000000,0x0000000081f76f80,0x0000000086f00000)
 Metaspace       used 70465K, capacity 73422K, committed 73624K, reserved 1112064K
  class space    used 9543K, capacity 10134K, committed 10152K, reserved 1048576K
Event: 20.572 GC heap after
Heap after GC invocations=13 (full 3):
 PSYoungGen      total 535552K, used 26610K [0x00000000d5580000, 0x00000000f8d00000, 0x0000000100000000)
  eden space 508928K, 0% used [0x00000000d5580000,0x00000000d5580000,0x00000000f4680000)
  from space 26624K, 99% used [0x00000000f7300000,0x00000000f8cfca60,0x00000000f8d00000)
  to   space 33792K, 0% used [0x00000000f4b00000,0x00000000f4b00000,0x00000000f6c00000)
 ParOldGen       total 113664K, used 41560K [0x0000000080000000, 0x0000000086f00000, 0x00000000d5580000)
  object space 113664K, 36% used [0x0000000080000000,0x00000000828963b8,0x0000000086f00000)
 Metaspace       used 70465K, capacity 73422K, committed 73624K, reserved 1112064K
  class space    used 9543K, capacity 10134K, committed 10152K, reserved 1048576K
}

